#
# A fatal error has been detected by the Java Runtime Environment:
#
#  SIGBUS (0x7) at pc=0x00007f5ae75ba802, pid=18133, tid=140027922138880
#
# JRE version: Java(TM) SE Runtime Environment (8.0_66-b17) (build 1.8.0_66-b17)
# Java VM: Java HotSpot(TM) 64-Bit Server VM (25.66-b17 mixed mode linux-amd64 compressed oops)
# Problematic frame:
# C  [libzip.so+0x11802]  newEntry+0x62
#
# Failed to write core dump. Core dumps have been disabled. To enable core dumping, try "ulimit -c unlimited" before starting Java again
#
# If you would like to submit a bug report, please visit:
#   http://bugreport.java.com/bugreport/crash.jsp
# The crash happened outside the Java Virtual Machine in native code.
# See problematic frame for where to report the bug.
#

---------------  T H R E A D  ---------------

Current thread (0x00007f5ae8580800):  JavaThread "hz._hzInstance_1_group.IOBalancerThread" [_thread_in_native, id=18171, stack(0x00007f5aca7ec000,0x00007f5aca8ed000)]

siginfo: si_signo: 7 (SIGBUS), si_code: 2 (BUS_ADRERR), si_addr: 0x00007f5ad0d66a24

Registers:
RAX=0x00007f5a64001640, RBX=0x00007f5ae80ef9a0, RCX=0x00007f5a64000020, RDX=0x00007f5a64001640
RSP=0x00007f5aca8e9230, RBP=0x00007f5aca8e9280, RSI=0x0000000040000000, RDI=0x0000000000000001
R8 =0x0000000000000003, R9 =0x00007f5a64000078, R10=0x00007f5ad88c92d8, R11=0x00007f5aedc35a01
R12=0x00007f5ad0d66a07, R13=0x00007f5a64001640, R14=0x000000004e0153e3, R15=0x00007f5ae80dbcb0
RIP=0x00007f5ae75ba802, EFLAGS=0x0000000000010202, CSGSFS=0x0000000000000033, ERR=0x0000000000000004
  TRAPNO=0x000000000000000e

Top of Stack: (sp=0x00007f5aca8e9230)
0x00007f5aca8e9230:   00007f5aca8eab60 00007f5a00000000
0x00007f5aca8e9240:   00000001000007a8 00007f5aed3aaa1e
0x00007f5aca8e9250:   00007f5a64001640 00007f5ae80ef9a0
0x00007f5aca8e9260:   00007f5a64001460 00007f5ae80dbcb0
0x00007f5aca8e9270:   000000004e0153e3 0000000000000027
0x00007f5aca8e9280:   00007f5aca8e92e0 00007f5ae75baf5f
0x00007f5aca8e9290:   00007f5ae8580800 01007f5aca8eaa90
0x00007f5aca8e92a0:   00007f5aca8e9300 00007f5aca8e9328
0x00007f5aca8e92b0:   00007f5aca8e9326 00007f5aca8e9300
0x00007f5aca8e92c0:   0000000000000027 00007f5ae85809f8
0x00007f5aca8e92d0:   00007f5aca8e9758 0000000000000001
0x00007f5aca8e92e0:   00007f5aca8e9740 00007f5ae75acd60
0x00007f5aca8e92f0:   0000000300000003 00007f5ae80dbcb0
0x00007f5aca8e9300:   657a61682f6d6f63 74752f747361636c
0x00007f5aca8e9310:   7974706d452f6c69 6e656d6574617453
0x00007f5aca8e9320:   007373616c632e74 00007f5ad88dfd2c
0x00007f5aca8e9330:   0000000000000000 00000000d80b28b0
0x00007f5aca8e9340:   00000400000000a3 00000000d80b3438
0x00007f5aca8e9350:   00000000d80b38f0 00007f5ad0bee6d8
0x00007f5aca8e9360:   0000000000000000 00000000071f8849
0x00007f5aca8e9370:   0000000085016528 00007f5ae8580800
0x00007f5aca8e9380:   00007f5aca8e93e0 00007f5ad890fa8b
0x00007f5aca8e9390:   00007f5aca8e93c8 00007f5aca8e93f0
0x00007f5aca8e93a0:   00000000db310860 00000000d80b1460
0x00007f5aca8e93b0:   00000000d80b3438 00007f5ad8909e74
0x00007f5aca8e93c0:   00007f5aca8e9730 00000000db3106d0
0x00007f5aca8e93d0:   00000000d80b3960 0000000100000056
0x00007f5aca8e93e0:   00007f5aca8e9730 00007f5ad890b6ec
0x00007f5aca8e93f0:   00000000d80b3af8 00000000d80b2510
0x00007f5aca8e9400:   00007f5aca8e9730 00007f5ad89120ec
0x00007f5aca8e9410:   00000000db437098 00007f5aedb29749
0x00007f5aca8e9420:   00007f5aca8e9a40 00007f5aca8e9a30 

Instructions: (pc=0x00007f5ae75ba802)
0x00007f5ae75ba7e2:   00 48 c7 40 28 00 00 00 00 41 80 7f 30 00 0f 84
0x00007f5ae75ba7f2:   8a 02 00 00 4c 8b 63 08 4d 2b 67 28 4d 03 67 18
0x00007f5ae75ba802:   41 0f b6 5c 24 1d 41 0f b6 44 24 1c c1 e3 08 09
0x00007f5ae75ba812:   c3 41 0f b6 44 24 1e 88 45 bd 41 0f b6 54 24 20 

Register to memory mapping:

RAX=0x00007f5a64001640 is an unknown value
RBX=0x00007f5ae80ef9a0 is an unknown value
RCX=0x00007f5a64000020 is an unknown value
RDX=0x00007f5a64001640 is an unknown value
RSP=0x00007f5aca8e9230 is pointing into the stack for thread: 0x00007f5ae8580800
RBP=0x00007f5aca8e9280 is pointing into the stack for thread: 0x00007f5ae8580800
RSI=0x0000000040000000 is an unknown value
RDI=0x0000000000000001 is an unknown value
R8 =0x0000000000000003 is an unknown value
R9 =0x00007f5a64000078 is an unknown value
R10=0x00007f5ad88c92d8 is at entry_point+88 in (nmethod*)0x00007f5ad88c9110
R11=0x00007f5aedc35a01: <offset 0x187a01> in /lib/x86_64-linux-gnu/libc.so.6 at 0x00007f5aedaae000
R12=0x00007f5ad0d66a07 is an unknown value
R13=0x00007f5a64001640 is an unknown value
R14=0x000000004e0153e3 is an unknown value
R15=0x00007f5ae80dbcb0 is an unknown value


Stack: [0x00007f5aca7ec000,0x00007f5aca8ed000],  sp=0x00007f5aca8e9230,  free space=1012k
Native frames: (J=compiled Java code, j=interpreted, Vv=VM code, C=native code)
C  [libzip.so+0x11802]  newEntry+0x62
C  [libzip.so+0x11f5f]  ZIP_GetEntry2+0xff
C  [libzip.so+0x3d60]  Java_java_util_zip_ZipFile_getEntry+0xf0
J 774  java.util.zip.ZipFile.getEntry(J[BZ)J (0 bytes) @ 0x00007f5ad88c934e [0x00007f5ad88c9280+0xce]
J 776 C1 java.util.zip.ZipFile.getEntry(Ljava/lang/String;)Ljava/util/zip/ZipEntry; (86 bytes) @ 0x00007f5ad88c7dcc [0x00007f5ad88c7b60+0x26c]
J 775 C1 java.util.jar.JarFile.getEntry(Ljava/lang/String;)Ljava/util/zip/ZipEntry; (22 bytes) @ 0x00007f5ad88c86a4 [0x00007f5ad88c8620+0x84]
J 847 C2 sun.misc.URLClassPath$JarLoader.getResource(Ljava/lang/String;Z)Lsun/misc/Resource; (85 bytes) @ 0x00007f5ad8920cfc [0x00007f5ad8920aa0+0x25c]
J 939 C2 sun.misc.URLClassPath.getResource(Ljava/lang/String;Z)Lsun/misc/Resource; (83 bytes) @ 0x00007f5ad8942a70 [0x00007f5ad8942980+0xf0]
J 751 C1 java.net.URLClassLoader$1.run()Ljava/lang/Class; (63 bytes) @ 0x00007f5ad88ba12c [0x00007f5ad88b9f20+0x20c]
J 750 C1 java.net.URLClassLoader$1.run()Ljava/lang/Object; (5 bytes) @ 0x00007f5ad88b9b8c [0x00007f5ad88b9b00+0x8c]
v  ~StubRoutines::call_stub
V  [libjvm.so+0x68bc46]  JavaCalls::call_helper(JavaValue*, methodHandle*, JavaCallArguments*, Thread*)+0x1056
V  [libjvm.so+0x72490c]  JVM_DoPrivileged+0x27c
J 749  java.security.AccessController.doPrivileged(Ljava/security/PrivilegedExceptionAction;Ljava/security/AccessControlContext;)Ljava/lang/Object; (0 bytes) @ 0x00007f5ad88b9815 [0x00007f5ad88b9740+0xd5]
J 1192 C2 java.lang.ClassLoader.loadClass(Ljava/lang/String;Z)Ljava/lang/Class; (122 bytes) @ 0x00007f5ad89c8158 [0x00007f5ad89c76e0+0xa78]
J 779 C1 sun.misc.Launcher$AppClassLoader.loadClass(Ljava/lang/String;Z)Ljava/lang/Class; (85 bytes) @ 0x00007f5ad88cce0c [0x00007f5ad88cc480+0x98c]
J 778 C1 java.lang.ClassLoader.loadClass(Ljava/lang/String;)Ljava/lang/Class; (7 bytes) @ 0x00007f5ad88cc0c4 [0x00007f5ad88cbfc0+0x104]
v  ~StubRoutines::call_stub
V  [libjvm.so+0x68bc46]  JavaCalls::call_helper(JavaValue*, methodHandle*, JavaCallArguments*, Thread*)+0x1056
V  [libjvm.so+0x68c151]  JavaCalls::call_virtual(JavaValue*, KlassHandle, Symbol*, Symbol*, JavaCallArguments*, Thread*)+0x321
V  [libjvm.so+0x68c5a6]  JavaCalls::call_virtual(JavaValue*, Handle, KlassHandle, Symbol*, Symbol*, Handle, Thread*)+0x56
V  [libjvm.so+0xa30c60]  SystemDictionary::load_instance_class(Symbol*, Handle, Thread*)+0x3f0
V  [libjvm.so+0xa2fb4c]  SystemDictionary::resolve_instance_class_or_null(Symbol*, Handle, Handle, Thread*)+0x7cc
V  [libjvm.so+0xa31083]  SystemDictionary::resolve_or_fail(Symbol*, Handle, Handle, bool, Thread*)+0x33
V  [libjvm.so+0x4f0cb8]  ConstantPool::klass_at_impl(constantPoolHandle, int, Thread*)+0x158
V  [libjvm.so+0x4f6390]  ConstantPool::klass_ref_at(int, Thread*)+0xa0
V  [libjvm.so+0x7ecf41]  LinkResolver::resolve_pool(KlassHandle&, Symbol*&, Symbol*&, KlassHandle&, constantPoolHandle, int, Thread*)+0x71
V  [libjvm.so+0x7f54b5]  LinkResolver::resolve_invokestatic(CallInfo&, constantPoolHandle, int, Thread*)+0xa5
V  [libjvm.so+0x7f6701]  LinkResolver::resolve_invoke(CallInfo&, Handle, constantPoolHandle, int, Bytecodes::Code, Thread*)+0x4f1
V  [libjvm.so+0x684b92]  InterpreterRuntime::resolve_invoke(JavaThread*, Bytecodes::Code)+0x1b2
j  com.hazelcast.nio.tcp.iobalancer.IOBalancerThread.run()V+61
v  ~StubRoutines::call_stub
V  [libjvm.so+0x68bc46]  JavaCalls::call_helper(JavaValue*, methodHandle*, JavaCallArguments*, Thread*)+0x1056
V  [libjvm.so+0x68c151]  JavaCalls::call_virtual(JavaValue*, KlassHandle, Symbol*, Symbol*, JavaCallArguments*, Thread*)+0x321
V  [libjvm.so+0x68c5f7]  JavaCalls::call_virtual(JavaValue*, Handle, KlassHandle, Symbol*, Symbol*, Thread*)+0x47
V  [libjvm.so+0x7233b0]  thread_entry(JavaThread*, Thread*)+0xa0
V  [libjvm.so+0xa68fff]  JavaThread::thread_main_inner()+0xdf
V  [libjvm.so+0xa6912c]  JavaThread::run()+0x11c
V  [libjvm.so+0x91cc68]  java_start(Thread*)+0x108
C  [libpthread.so.0+0x8182]  start_thread+0xc2

Java frames: (J=compiled Java code, j=interpreted, Vv=VM code)
J 774  java.util.zip.ZipFile.getEntry(J[BZ)J (0 bytes) @ 0x00007f5ad88c92d8 [0x00007f5ad88c9280+0x58]
J 776 C1 java.util.zip.ZipFile.getEntry(Ljava/lang/String;)Ljava/util/zip/ZipEntry; (86 bytes) @ 0x00007f5ad88c7dcc [0x00007f5ad88c7b60+0x26c]
J 775 C1 java.util.jar.JarFile.getEntry(Ljava/lang/String;)Ljava/util/zip/ZipEntry; (22 bytes) @ 0x00007f5ad88c86a4 [0x00007f5ad88c8620+0x84]
J 847 C2 sun.misc.URLClassPath$JarLoader.getResource(Ljava/lang/String;Z)Lsun/misc/Resource; (85 bytes) @ 0x00007f5ad8920cfc [0x00007f5ad8920aa0+0x25c]
J 939 C2 sun.misc.URLClassPath.getResource(Ljava/lang/String;Z)Lsun/misc/Resource; (83 bytes) @ 0x00007f5ad8942a70 [0x00007f5ad8942980+0xf0]
J 751 C1 java.net.URLClassLoader$1.run()Ljava/lang/Class; (63 bytes) @ 0x00007f5ad88ba12c [0x00007f5ad88b9f20+0x20c]
J 750 C1 java.net.URLClassLoader$1.run()Ljava/lang/Object; (5 bytes) @ 0x00007f5ad88b9b8c [0x00007f5ad88b9b00+0x8c]
v  ~StubRoutines::call_stub
J 749  java.security.AccessController.doPrivileged(Ljava/security/PrivilegedExceptionAction;Ljava/security/AccessControlContext;)Ljava/lang/Object; (0 bytes) @ 0x00007f5ad88b97a3 [0x00007f5ad88b9740+0x63]
J 1192 C2 java.lang.ClassLoader.loadClass(Ljava/lang/String;Z)Ljava/lang/Class; (122 bytes) @ 0x00007f5ad89c8158 [0x00007f5ad89c76e0+0xa78]
J 779 C1 sun.misc.Launcher$AppClassLoader.loadClass(Ljava/lang/String;Z)Ljava/lang/Class; (85 bytes) @ 0x00007f5ad88cce0c [0x00007f5ad88cc480+0x98c]
J 778 C1 java.lang.ClassLoader.loadClass(Ljava/lang/String;)Ljava/lang/Class; (7 bytes) @ 0x00007f5ad88cc0c4 [0x00007f5ad88cbfc0+0x104]
v  ~StubRoutines::call_stub
j  com.hazelcast.nio.tcp.iobalancer.IOBalancerThread.run()V+61
v  ~StubRoutines::call_stub

---------------  P R O C E S S  ---------------

Java Threads: ( => current thread )
  0x00007f5ab4001800 JavaThread "hz.ShutdownThread" [_thread_in_vm, id=18364, stack(0x00007f5ac88aa000,0x00007f5ac89ab000)]
  0x00007f5ab0001000 JavaThread "SIGINT handler" daemon [_thread_blocked, id=18363, stack(0x00007f5ac89ab000,0x00007f5ac8aac000)]
  0x0000000000a5d000 JavaThread "hz._hzInstance_1_group.client.thread-13" [_thread_blocked, id=18303, stack(0x00007f5ac8aac000,0x00007f5ac8bad000)]
  0x0000000000a5b800 JavaThread "hz._hzInstance_1_group.client.thread-12" [_thread_blocked, id=18302, stack(0x00007f5ac8bad000,0x00007f5ac8cae000)]
  0x0000000000a59800 JavaThread "hz._hzInstance_1_group.client.thread-11" [_thread_blocked, id=18287, stack(0x00007f5ac8cae000,0x00007f5ac8daf000)]
  0x0000000000a58000 JavaThread "hz._hzInstance_1_group.client.thread-10" [_thread_blocked, id=18286, stack(0x00007f5ac8daf000,0x00007f5ac8eb0000)]
  0x0000000000a56800 JavaThread "hz._hzInstance_1_group.client.thread-9" [_thread_blocked, id=18274, stack(0x00007f5ac8eb0000,0x00007f5ac8fb1000)]
  0x0000000000a54800 JavaThread "hz._hzInstance_1_group.client.thread-8" [_thread_blocked, id=18273, stack(0x00007f5ac8fb1000,0x00007f5ac90b2000)]
  0x0000000000a53000 JavaThread "hz._hzInstance_1_group.client.thread-7" [_thread_blocked, id=18268, stack(0x00007f5ac90b2000,0x00007f5ac91b3000)]
  0x0000000000a51000 JavaThread "hz._hzInstance_1_group.client.thread-6" [_thread_blocked, id=18266, stack(0x00007f5ac91b3000,0x00007f5ac92b4000)]
  0x0000000000a4f800 JavaThread "hz._hzInstance_1_group.client.thread-5" [_thread_blocked, id=18247, stack(0x00007f5ac92b4000,0x00007f5ac93b5000)]
  0x0000000000a4e800 JavaThread "hz._hzInstance_1_group.client.thread-4" [_thread_blocked, id=18246, stack(0x00007f5ac96b8000,0x00007f5ac97b9000)]
  0x0000000000a4c800 JavaThread "hz._hzInstance_1_group.client.thread-3" [_thread_blocked, id=18236, stack(0x00007f5ac93b5000,0x00007f5ac94b6000)]
  0x0000000000a4b000 JavaThread "hz._hzInstance_1_group.client.thread-2" [_thread_blocked, id=18234, stack(0x00007f5ac94b6000,0x00007f5ac95b7000)]
  0x0000000000a4a000 JavaThread "hz._hzInstance_1_group.client.thread-1" [_thread_blocked, id=18233, stack(0x00007f5ac95b7000,0x00007f5ac96b8000)]
  0x00007f5ae859c800 JavaThread "hz._hzInstance_1_group.HealthMonitor" daemon [_thread_blocked, id=18178, stack(0x00007f5ac9fdd000,0x00007f5aca0de000)]
  0x00007f5a98005000 JavaThread "cached3" [_thread_blocked, id=18176, stack(0x00007f5aca2e7000,0x00007f5aca3e8000)]
  0x00007f5a98003000 JavaThread "cached2" [_thread_blocked, id=18175, stack(0x00007f5aca3e8000,0x00007f5aca4e9000)]
  0x00007f5a98002000 JavaThread "cached1" [_thread_blocked, id=18174, stack(0x00007f5aca4e9000,0x00007f5aca5ea000)]
=>0x00007f5ae8580800 JavaThread "hz._hzInstance_1_group.IOBalancerThread" [_thread_in_native, id=18171, stack(0x00007f5aca7ec000,0x00007f5aca8ed000)]
  0x00007f5ae857c000 JavaThread "hz._hzInstance_1_group.IO.thread-out-2" [_thread_in_native, id=18170, stack(0x00007f5aca8ed000,0x00007f5aca9ee000)]
  0x00007f5ae857a000 JavaThread "hz._hzInstance_1_group.IO.thread-in-2" [_thread_in_native, id=18169, stack(0x00007f5aca9ee000,0x00007f5acaaef000)]
  0x00007f5ae855e800 JavaThread "hz._hzInstance_1_group.IO.thread-out-1" [_thread_in_native, id=18168, stack(0x00007f5acaaef000,0x00007f5acabf0000)]
  0x00007f5ae855d000 JavaThread "hz._hzInstance_1_group.IO.thread-in-1" [_thread_in_native, id=18167, stack(0x00007f5acabf0000,0x00007f5acacf1000)]
  0x00007f5ae8541000 JavaThread "hz._hzInstance_1_group.IO.thread-out-0" [_thread_in_native, id=18166, stack(0x00007f5acacf1000,0x00007f5acadf2000)]
  0x00007f5ae853f800 JavaThread "hz._hzInstance_1_group.IO.thread-in-0" [_thread_in_native, id=18165, stack(0x00007f5acadf2000,0x00007f5acaef3000)]
  0x00007f5ae851c000 JavaThread "hz._hzInstance_1_group.migration" [_thread_blocked, id=18164, stack(0x00007f5acaef3000,0x00007f5acaff4000)]
  0x00007f5ae83e4800 JavaThread "hz._hzInstance_1_group.wait-notify" [_thread_blocked, id=18163, stack(0x00007f5acb3f4000,0x00007f5acb4f5000)]
  0x00007f5ae83e2800 JavaThread "hz._hzInstance_1_group.event-5" [_thread_blocked, id=18162, stack(0x00007f5acb4f5000,0x00007f5acb5f6000)]
  0x00007f5ae83e0800 JavaThread "hz._hzInstance_1_group.event-4" [_thread_blocked, id=18161, stack(0x00007f5acb5f6000,0x00007f5acb6f7000)]
  0x00007f5ae83df000 JavaThread "hz._hzInstance_1_group.event-3" [_thread_blocked, id=18160, stack(0x00007f5acb6f7000,0x00007f5acb7f8000)]
  0x00007f5ae83d9000 JavaThread "hz._hzInstance_1_group.event-2" [_thread_blocked, id=18159, stack(0x00007f5acb7f8000,0x00007f5acb8f9000)]
  0x00007f5ae83d7000 JavaThread "hz._hzInstance_1_group.event-1" [_thread_blocked, id=18158, stack(0x00007f5acb8f9000,0x00007f5acb9fa000)]
  0x00007f5ae82ec000 JavaThread "hz._hzInstance_1_group.SlowOperationDetectorThread" [_thread_blocked, id=18157, stack(0x00007f5acb9fa000,0x00007f5acbafb000)]
  0x00007f5ae83cf800 JavaThread "hz._hzInstance_1_group.response" [_thread_blocked, id=18156, stack(0x00007f5acbafb000,0x00007f5acbbfc000)]
  0x00007f5ae83ce000 JavaThread "hz._hzInstance_1_group.generic-operation.thread-1" [_thread_blocked, id=18155, stack(0x00007f5acbbfc000,0x00007f5acbcfd000)]
  0x00007f5ae83cc000 JavaThread "hz._hzInstance_1_group.generic-operation.thread-0" [_thread_blocked, id=18154, stack(0x00007f5acbcfd000,0x00007f5acbdfe000)]
  0x00007f5ae83ca800 JavaThread "hz._hzInstance_1_group.partition-operation.thread-3" [_thread_blocked, id=18153, stack(0x00007f5acbdfe000,0x00007f5acbeff000)]
  0x00007f5ae83c6800 JavaThread "hz._hzInstance_1_group.partition-operation.thread-2" [_thread_blocked, id=18152, stack(0x00007f5acbeff000,0x00007f5acc000000)]
  0x00007f5ae83c5000 JavaThread "hz._hzInstance_1_group.partition-operation.thread-1" [_thread_blocked, id=18151, stack(0x00007f5ad0095000,0x00007f5ad0196000)]
  0x00007f5ae83c1800 JavaThread "hz._hzInstance_1_group.partition-operation.thread-0" [_thread_blocked, id=18150, stack(0x00007f5ad0196000,0x00007f5ad0297000)]
  0x00007f5ae83be800 JavaThread "hz._hzInstance_1_group.InspectInvocationsThread" [_thread_blocked, id=18149, stack(0x00007f5ad0297000,0x00007f5ad0398000)]
  0x00007f5ae83b0000 JavaThread "scheduled" [_thread_blocked, id=18148, stack(0x00007f5ad0398000,0x00007f5ad0499000)]
  0x00007f5ae80ca000 JavaThread "Service Thread" daemon [_thread_blocked, id=18146, stack(0x00007f5ad0e80000,0x00007f5ad0f81000)]
  0x00007f5ae80bd000 JavaThread "C1 CompilerThread2" daemon [_thread_in_native, id=18145, stack(0x00007f5ad0f81000,0x00007f5ad1082000)]
  0x00007f5ae80bb000 JavaThread "C2 CompilerThread1" daemon [_thread_blocked, id=18144, stack(0x00007f5ad1082000,0x00007f5ad1183000)]
  0x00007f5ae80b8000 JavaThread "C2 CompilerThread0" daemon [_thread_blocked, id=18143, stack(0x00007f5ad1183000,0x00007f5ad1284000)]
  0x00007f5ae80b6800 JavaThread "Signal Dispatcher" daemon [_thread_blocked, id=18142, stack(0x00007f5ad1284000,0x00007f5ad1385000)]
  0x00007f5ae807e800 JavaThread "Finalizer" daemon [_thread_blocked, id=18141, stack(0x00007f5ad1a67000,0x00007f5ad1b68000)]
  0x00007f5ae807c800 JavaThread "Reference Handler" daemon [_thread_blocked, id=18140, stack(0x00007f5ad1b68000,0x00007f5ad1c69000)]
  0x00007f5ae8009800 JavaThread "main" [_thread_in_native, id=18134, stack(0x00007f5aee5aa000,0x00007f5aee6ab000)]

Other Threads:
  0x00007f5ae8077800 VMThread [stack: 0x00007f5ad1c69000,0x00007f5ad1d6a000] [id=18139]
  0x00007f5ae80cc800 WatcherThread [stack: 0x00007f5ad0d7f000,0x00007f5ad0e80000] [id=18147]

VM state:not at safepoint (normal execution)

VM Mutex/Monitor currently owned by a thread: None

Heap:
 PSYoungGen      total 68608K, used 57394K [0x00000000d7000000, 0x00000000db800000, 0x0000000100000000)
  eden space 63488K, 82% used [0x00000000d7000000,0x00000000da314178,0x00000000dae00000)
  from space 5120K, 99% used [0x00000000db300000,0x00000000db7f87b0,0x00000000db800000)
  to   space 5120K, 0% used [0x00000000dae00000,0x00000000dae00000,0x00000000db300000)
 ParOldGen       total 84992K, used 1431K [0x0000000085000000, 0x000000008a300000, 0x00000000d7000000)
  object space 84992K, 1% used [0x0000000085000000,0x0000000085165e48,0x000000008a300000)
 Metaspace       used 20930K, capacity 21076K, committed 21296K, reserved 1067008K
  class space    used 2833K, capacity 2910K, committed 2944K, reserved 1048576K

Card table byte_map: [0x00007f5ad7e10000,0x00007f5ad81e9000] byte_map_base: 0x00007f5ad79e8000

Marking Bits: (ParMarkBitMap*) 0x00007f5aeda83020
 Begin Bits: [0x00007f5ad3afd000, 0x00007f5ad59bd000)
 End Bits:   [0x00007f5ad59bd000, 0x00007f5ad787d000)

Polling page: 0x00007f5aee6ca000

CodeCache: size=245760Kb used=4848Kb max_used=4858Kb free=240911Kb
 bounds [0x00007f5ad85a9000, 0x00007f5ad8a79000, 0x00007f5ae75a9000]
 total_blobs=1915 nmethods=1537 adapters=291
 compilation: enabled

Compilation events (10 events):
Event: 71.623 Thread 0x00007f5ae80bd000 nmethod 1542 0x00007f5ad86e2d10 code [0x00007f5ad86e2e80, 0x00007f5ad86e30b0]
Event: 71.623 Thread 0x00007f5ae80bd000 1543       3       java.util.regex.Matcher::end (22 bytes)
Event: 71.624 Thread 0x00007f5ae80bd000 nmethod 1543 0x00007f5ad86aabd0 code [0x00007f5ad86aad40, 0x00007f5ad86aafa8]
Event: 71.624 Thread 0x00007f5ae80bd000 1544       3       java.util.regex.Matcher::find (35 bytes)
Event: 71.624 Thread 0x00007f5ae80bd000 nmethod 1544 0x00007f5ad86b5750 code [0x00007f5ad86b5900, 0x00007f5ad86b5e98]
Event: 71.625 Thread 0x00007f5ae80bd000 1545       3       java.util.Formatter$FormatSpecifier::<init> (246 bytes)
Event: 71.627 Thread 0x00007f5ae80bd000 nmethod 1545 0x00007f5ad8a69ad0 code [0x00007f5ad8a69e00, 0x00007f5ad8a6b098]
Event: 71.628 Thread 0x00007f5ae80bd000 1546       3       java.util.Formatter$FormatSpecifier::print (243 bytes)
Event: 71.631 Thread 0x00007f5ae80bd000 nmethod 1546 0x00007f5ad8a65990 code [0x00007f5ad8a65be0, 0x00007f5ad8a664a8]
Event: 71.635 Thread 0x00007f5ae80bd000 1547       3       sun.util.calendar.BaseCalendar::getFixedDate (324 bytes)

GC Heap History (8 events):
Event: 0.350 GC heap before
{Heap before GC invocations=1 (full 0):
 PSYoungGen      total 36864K, used 31744K [0x00000000d7000000, 0x00000000d9900000, 0x0000000100000000)
  eden space 31744K, 100% used [0x00000000d7000000,0x00000000d8f00000,0x00000000d8f00000)
  from space 5120K, 0% used [0x00000000d9400000,0x00000000d9400000,0x00000000d9900000)
  to   space 5120K, 0% used [0x00000000d8f00000,0x00000000d8f00000,0x00000000d9400000)
 ParOldGen       total 84992K, used 0K [0x0000000085000000, 0x000000008a300000, 0x00000000d7000000)
  object space 84992K, 0% used [0x0000000085000000,0x0000000085000000,0x000000008a300000)
 Metaspace       used 6579K, capacity 6688K, committed 7040K, reserved 1056768K
  class space    used 750K, capacity 784K, committed 896K, reserved 1048576K
Event: 0.353 GC heap after
Heap after GC invocations=1 (full 0):
 PSYoungGen      total 36864K, used 1768K [0x00000000d7000000, 0x00000000d9900000, 0x0000000100000000)
  eden space 31744K, 0% used [0x00000000d7000000,0x00000000d7000000,0x00000000d8f00000)
  from space 5120K, 34% used [0x00000000d8f00000,0x00000000d90ba278,0x00000000d9400000)
  to   space 5120K, 0% used [0x00000000d9400000,0x00000000d9400000,0x00000000d9900000)
 ParOldGen       total 84992K, used 72K [0x0000000085000000, 0x000000008a300000, 0x00000000d7000000)
  object space 84992K, 0% used [0x0000000085000000,0x0000000085012010,0x000000008a300000)
 Metaspace       used 6579K, capacity 6688K, committed 7040K, reserved 1056768K
  class space    used 750K, capacity 784K, committed 896K, reserved 1048576K
}
Event: 0.404 GC heap before
{Heap before GC invocations=2 (full 0):
 PSYoungGen      total 36864K, used 33512K [0x00000000d7000000, 0x00000000d9900000, 0x0000000100000000)
  eden space 31744K, 100% used [0x00000000d7000000,0x00000000d8f00000,0x00000000d8f00000)
  from space 5120K, 34% used [0x00000000d8f00000,0x00000000d90ba278,0x00000000d9400000)
  to   space 5120K, 0% used [0x00000000d9400000,0x00000000d9400000,0x00000000d9900000)
 ParOldGen       total 84992K, used 72K [0x0000000085000000, 0x000000008a300000, 0x00000000d7000000)
  object space 84992K, 0% used [0x0000000085000000,0x0000000085012010,0x000000008a300000)
 Metaspace       used 6609K, capacity 6752K, committed 7040K, reserved 1056768K
  class space    used 750K, capacity 784K, committed 896K, reserved 1048576K
Event: 0.409 GC heap after
Heap after GC invocations=2 (full 0):
 PSYoungGen      total 36864K, used 1392K [0x00000000d7000000, 0x00000000db800000, 0x0000000100000000)
  eden space 31744K, 0% used [0x00000000d7000000,0x00000000d7000000,0x00000000d8f00000)
  from space 5120K, 27% used [0x00000000d9400000,0x00000000d955c120,0x00000000d9900000)
  to   space 5120K, 0% used [0x00000000d8f00000,0x00000000d8f00000,0x00000000d9400000)
 ParOldGen       total 84992K, used 80K [0x0000000085000000, 0x000000008a300000, 0x00000000d7000000)
  object space 84992K, 0% used [0x0000000085000000,0x0000000085014010,0x000000008a300000)
 Metaspace       used 6609K, capacity 6752K, committed 7040K, reserved 1056768K
  class space    used 750K, capacity 784K, committed 896K, reserved 1048576K
}
Event: 0.446 GC heap before
{Heap before GC invocations=3 (full 0):
 PSYoungGen      total 36864K, used 33136K [0x00000000d7000000, 0x00000000db800000, 0x0000000100000000)
  eden space 31744K, 100% used [0x00000000d7000000,0x00000000d8f00000,0x00000000d8f00000)
  from space 5120K, 27% used [0x00000000d9400000,0x00000000d955c120,0x00000000d9900000)
  to   space 5120K, 0% used [0x00000000d8f00000,0x00000000d8f00000,0x00000000d9400000)
 ParOldGen       total 84992K, used 80K [0x0000000085000000, 0x000000008a300000, 0x00000000d7000000)
  object space 84992K, 0% used [0x0000000085000000,0x0000000085014010,0x000000008a300000)
 Metaspace       used 6663K, capacity 6752K, committed 7040K, reserved 1056768K
  class space    used 750K, capacity 784K, committed 896K, reserved 1048576K
Event: 0.450 GC heap after
Heap after GC invocations=3 (full 0):
 PSYoungGen      total 36864K, used 1216K [0x00000000d7000000, 0x00000000db800000, 0x0000000100000000)
  eden space 31744K, 0% used [0x00000000d7000000,0x00000000d7000000,0x00000000d8f00000)
  from space 5120K, 23% used [0x00000000d8f00000,0x00000000d90300c0,0x00000000d9400000)
  to   space 5120K, 0% used [0x00000000db300000,0x00000000db300000,0x00000000db800000)
 ParOldGen       total 84992K, used 88K [0x0000000085000000, 0x000000008a300000, 0x00000000d7000000)
  object space 84992K, 0% used [0x0000000085000000,0x0000000085016010,0x000000008a300000)
 Metaspace       used 6663K, capacity 6752K, committed 7040K, reserved 1056768K
  class space    used 750K, capacity 784K, committed 896K, reserved 1048576K
}
Event: 1.069 GC heap before
{Heap before GC invocations=4 (full 0):
 PSYoungGen      total 36864K, used 32960K [0x00000000d7000000, 0x00000000db800000, 0x0000000100000000)
  eden space 31744K, 100% used [0x00000000d7000000,0x00000000d8f00000,0x00000000d8f00000)
  from space 5120K, 23% used [0x00000000d8f00000,0x00000000d90300c0,0x00000000d9400000)
  to   space 5120K, 0% used [0x00000000db300000,0x00000000db300000,0x00000000db800000)
 ParOldGen       total 84992K, used 88K [0x0000000085000000, 0x000000008a300000, 0x00000000d7000000)
  object space 84992K, 0% used [0x0000000085000000,0x0000000085016010,0x000000008a300000)
 Metaspace       used 13977K, capacity 14080K, committed 14208K, reserved 1060864K
  class space    used 1859K, capacity 1904K, committed 1920K, reserved 1048576K
Event: 1.076 GC heap after
Heap after GC invocations=4 (full 0):
 PSYoungGen      total 68608K, used 5089K [0x00000000d7000000, 0x00000000db800000, 0x0000000100000000)
  eden space 63488K, 0% used [0x00000000d7000000,0x00000000d7000000,0x00000000dae00000)
  from space 5120K, 99% used [0x00000000db300000,0x00000000db7f87b0,0x00000000db800000)
  to   space 5120K, 0% used [0x00000000dae00000,0x00000000dae00000,0x00000000db300000)
 ParOldGen       total 84992K, used 1431K [0x0000000085000000, 0x000000008a300000, 0x00000000d7000000)
  object space 84992K, 1% used [0x0000000085000000,0x0000000085165e48,0x000000008a300000)
 Metaspace       used 13977K, capacity 14080K, committed 14208K, reserved 1060864K
  class space    used 1859K, capacity 1904K, committed 1920K, reserved 1048576K
}

Deoptimization events (10 events):
Event: 0.201 Thread 0x00007f5ae8009800 Uncommon trap: reason=unstable_if action=reinterpret pc=0x00007f5ad86e2f84 method=java.lang.String.indexOf(II)I @ 49
Event: 0.461 Thread 0x00007f5ae8009800 Uncommon trap: reason=unstable_if action=reinterpret pc=0x00007f5ad875ba28 method=com.sun.org.apache.xml.internal.dtm.ref.dom2dtm.DOM2DTM.nextNode()Z @ 4
Event: 0.650 Thread 0x00007f5ae8009800 Uncommon trap: reason=unstable_if action=reinterpret pc=0x00007f5ad884c2ec method=java.util.HashMap.getNode(ILjava/lang/Object;)Ljava/util/HashMap$Node; @ 62
Event: 0.675 Thread 0x00007f5ae8009800 Uncommon trap: reason=unstable_if action=reinterpret pc=0x00007f5ad87f3d00 method=com.sun.org.apache.xerces.internal.util.SymbolTable.addSymbol([CII)Ljava/lang/String; @ 64
Event: 0.736 Thread 0x00007f5ae8009800 Uncommon trap: reason=unstable_if action=reinterpret pc=0x00007f5ad88a1c28 method=java.util.regex.Pattern$Single.isSatisfiedBy(I)Z @ 5
Event: 1.270 Thread 0x00007f5ae8009800 Uncommon trap: reason=unstable_if action=reinterpret pc=0x00007f5ad8875370 method=java.util.Properties$LineReader.readLine()I @ 440
Event: 1.271 Thread 0x00007f5ae8009800 Uncommon trap: reason=unstable_if action=reinterpret pc=0x00007f5ad889ea6c method=java.lang.String.indexOf([CII[CIII)I @ 3
Event: 1.310 Thread 0x00007f5ae8009800 Uncommon trap: reason=unstable_if action=reinterpret pc=0x00007f5ad894569c method=java.util.concurrent.ConcurrentHashMap.putVal(Ljava/lang/Object;Ljava/lang/Object;Z)Ljava/lang/Object; @ 206
Event: 3.604 Thread 0x00007f5a98005000 Uncommon trap: reason=predicate action=maybe_recompile pc=0x00007f5ad8937e90 method=sun.net.www.ParseUtil.encodePath(Ljava/lang/String;Z)Ljava/lang/String; @ 36
Event: 12.817 Thread 0x00007f5a98005000 Uncommon trap: reason=unstable_if action=reinterpret pc=0x00007f5ad89c2fd0 method=java.util.concurrent.ConcurrentHashMap.get(Ljava/lang/Object;)Ljava/lang/Object; @ 138

Internal exceptions (10 events):
Event: 71.651 Thread 0x00007f5ae8584000 Exception <a 'java/net/SocketException': Socket closed> (0x00000000d8269288) thrown at [/HUDSON/workspace/8-2-build-linux-amd64/jdk8u66/4988/hotspot/src/share/vm/prims/jni.cpp, line 735]
Event: 71.651 Thread 0x00007f5ae8584000 Exception <a 'java/net/SocketException': Socket closed> (0x00000000d82694d8) thrown at [/HUDSON/workspace/8-2-build-linux-amd64/jdk8u66/4988/hotspot/src/share/vm/prims/jni.cpp, line 735]
Event: 71.651 Thread 0x00007f5ae8584000 Exception <a 'java/net/SocketException': Socket closed> (0x00000000d8269728) thrown at [/HUDSON/workspace/8-2-build-linux-amd64/jdk8u66/4988/hotspot/src/share/vm/prims/jni.cpp, line 735]
Event: 71.651 Thread 0x00007f5ae8584000 Exception <a 'java/net/SocketException': Socket closed> (0x00000000d8269978) thrown at [/HUDSON/workspace/8-2-build-linux-amd64/jdk8u66/4988/hotspot/src/share/vm/prims/jni.cpp, line 735]
Event: 71.651 Thread 0x00007f5ae8584000 Exception <a 'java/net/SocketException': Socket closed> (0x00000000d8269bc8) thrown at [/HUDSON/workspace/8-2-build-linux-amd64/jdk8u66/4988/hotspot/src/share/vm/prims/jni.cpp, line 735]
Event: 71.651 Thread 0x00007f5ae8584000 Exception <a 'java/net/SocketException': Socket closed> (0x00000000d8269e18) thrown at [/HUDSON/workspace/8-2-build-linux-amd64/jdk8u66/4988/hotspot/src/share/vm/prims/jni.cpp, line 735]
Event: 71.651 Thread 0x00007f5ae8584000 Exception <a 'java/net/SocketException': Socket closed> (0x00000000d826a068) thrown at [/HUDSON/workspace/8-2-build-linux-amd64/jdk8u66/4988/hotspot/src/share/vm/prims/jni.cpp, line 735]
Event: 71.651 Thread 0x00007f5ae8584000 Exception <a 'java/net/SocketException': Socket closed> (0x00000000d826a2b8) thrown at [/HUDSON/workspace/8-2-build-linux-amd64/jdk8u66/4988/hotspot/src/share/vm/prims/jni.cpp, line 735]
Event: 71.652 Thread 0x00007f5ae8584000 Exception <a 'java/net/SocketException': Socket closed> (0x00000000d826a508) thrown at [/HUDSON/workspace/8-2-build-linux-amd64/jdk8u66/4988/hotspot/src/share/vm/prims/jni.cpp, line 735]
Event: 71.653 Thread 0x00007f5ae8580800 Exception <a 'java/lang/InterruptedException': sleep interrupted> (0x00000000d80b4350) thrown at [/HUDSON/workspace/8-2-build-linux-amd64/jdk8u66/4988/hotspot/src/share/vm/prims/jvm.cpp, line 3215]

Events (10 events):
Event: 71.622 loading class java/util/IdentityHashMap$IdentityHashMapIterator
Event: 71.622 loading class java/util/IdentityHashMap$IdentityHashMapIterator done
Event: 71.622 loading class java/util/IdentityHashMap$KeyIterator done
Event: 71.622 Thread 0x00007f5ab4001800 Thread added: 0x00007f5ab4001800
Event: 71.634 Thread 0x00007f5ab4003000 Thread added: 0x00007f5ab4003000
Event: 71.638 Thread 0x00007f5ab4003000 Thread exited: 0x00007f5ab4003000
Event: 71.652 Thread 0x00007f5ae8584000 Thread exited: 0x00007f5ae8584000
Event: 71.652 Thread 0x00007f5ae8582000 Thread exited: 0x00007f5ae8582000
Event: 71.653 loading class com/hazelcast/util/EmptyStatement
Event: 71.653 loading class com/hazelcast/util/EmptyStatement done


Dynamic libraries:
00400000-00401000 r-xp 00000000 08:08 3151636                            /usr/lib/jvm/java-8-oracle/jre/bin/java
00600000-00601000 rw-p 00000000 08:08 3151636                            /usr/lib/jvm/java-8-oracle/jre/bin/java
00a3b000-00a7d000 rw-p 00000000 00:00 0                                  [heap]
85000000-8a300000 rw-p 00000000 00:00 0 
8a300000-d7000000 ---p 00000000 00:00 0 
d7000000-db800000 rw-p 00000000 00:00 0 
db800000-100000000 ---p 00000000 00:00 0 
100000000-1002e0000 rw-p 00000000 00:00 0 
1002e0000-140000000 ---p 00000000 00:00 0 
7f5a54000000-7f5a54021000 rw-p 00000000 00:00 0 
7f5a54021000-7f5a58000000 ---p 00000000 00:00 0 
7f5a58000000-7f5a58021000 rw-p 00000000 00:00 0 
7f5a58021000-7f5a5c000000 ---p 00000000 00:00 0 
7f5a5c000000-7f5a5c021000 rw-p 00000000 00:00 0 
7f5a5c021000-7f5a60000000 ---p 00000000 00:00 0 
7f5a60000000-7f5a60021000 rw-p 00000000 00:00 0 
7f5a60021000-7f5a64000000 ---p 00000000 00:00 0 
7f5a64000000-7f5a6429c000 rw-p 00000000 00:00 0 
7f5a6429c000-7f5a68000000 ---p 00000000 00:00 0 
7f5a68000000-7f5a68021000 rw-p 00000000 00:00 0 
7f5a68021000-7f5a6c000000 ---p 00000000 00:00 0 
7f5a6c000000-7f5a6c021000 rw-p 00000000 00:00 0 
7f5a6c021000-7f5a70000000 ---p 00000000 00:00 0 
7f5a70000000-7f5a70021000 rw-p 00000000 00:00 0 
7f5a70021000-7f5a74000000 ---p 00000000 00:00 0 
7f5a74000000-7f5a74021000 rw-p 00000000 00:00 0 
7f5a74021000-7f5a78000000 ---p 00000000 00:00 0 
7f5a78000000-7f5a78021000 rw-p 00000000 00:00 0 
7f5a78021000-7f5a7c000000 ---p 00000000 00:00 0 
7f5a7c000000-7f5a7c021000 rw-p 00000000 00:00 0 
7f5a7c021000-7f5a80000000 ---p 00000000 00:00 0 
7f5a80000000-7f5a80079000 rw-p 00000000 00:00 0 
7f5a80079000-7f5a84000000 ---p 00000000 00:00 0 
7f5a84000000-7f5a84023000 rw-p 00000000 00:00 0 
7f5a84023000-7f5a88000000 ---p 00000000 00:00 0 
7f5a88000000-7f5a88021000 rw-p 00000000 00:00 0 
7f5a88021000-7f5a8c000000 ---p 00000000 00:00 0 
7f5a8c000000-7f5a8c021000 rw-p 00000000 00:00 0 
7f5a8c021000-7f5a90000000 ---p 00000000 00:00 0 
7f5a90000000-7f5a90021000 rw-p 00000000 00:00 0 
7f5a90021000-7f5a94000000 ---p 00000000 00:00 0 
7f5a94000000-7f5a94021000 rw-p 00000000 00:00 0 
7f5a94021000-7f5a98000000 ---p 00000000 00:00 0 
7f5a98000000-7f5a98021000 rw-p 00000000 00:00 0 
7f5a98021000-7f5a9c000000 ---p 00000000 00:00 0 
7f5a9c000000-7f5a9c40d000 rw-p 00000000 00:00 0 
7f5a9c40d000-7f5aa0000000 ---p 00000000 00:00 0 
7f5aa0000000-7f5aa0021000 rw-p 00000000 00:00 0 
7f5aa0021000-7f5aa4000000 ---p 00000000 00:00 0 
7f5aa4000000-7f5aa43cf000 rw-p 00000000 00:00 0 
7f5aa43cf000-7f5aa8000000 ---p 00000000 00:00 0 
7f5aa8000000-7f5aa8393000 rw-p 00000000 00:00 0 
7f5aa8393000-7f5aac000000 ---p 00000000 00:00 0 
7f5aac000000-7f5aac021000 rw-p 00000000 00:00 0 
7f5aac021000-7f5ab0000000 ---p 00000000 00:00 0 
7f5ab0000000-7f5ab0021000 rw-p 00000000 00:00 0 
7f5ab0021000-7f5ab4000000 ---p 00000000 00:00 0 
7f5ab4000000-7f5ab4021000 rw-p 00000000 00:00 0 
7f5ab4021000-7f5ab8000000 ---p 00000000 00:00 0 
7f5ab8000000-7f5ab8021000 rw-p 00000000 00:00 0 
7f5ab8021000-7f5abc000000 ---p 00000000 00:00 0 
7f5abc000000-7f5abc021000 rw-p 00000000 00:00 0 
7f5abc021000-7f5ac0000000 ---p 00000000 00:00 0 
7f5ac0000000-7f5ac0021000 rw-p 00000000 00:00 0 
7f5ac0021000-7f5ac4000000 ---p 00000000 00:00 0 
7f5ac4000000-7f5ac4021000 rw-p 00000000 00:00 0 
7f5ac4021000-7f5ac8000000 ---p 00000000 00:00 0 
7f5ac87a9000-7f5ac87ac000 ---p 00000000 00:00 0 
7f5ac87ac000-7f5ac88aa000 rw-p 00000000 00:00 0 
7f5ac88aa000-7f5ac88ad000 ---p 00000000 00:00 0 
7f5ac88ad000-7f5ac89ab000 rw-p 00000000 00:00 0                          [stack:18364]
7f5ac89ab000-7f5ac89ae000 ---p 00000000 00:00 0 
7f5ac89ae000-7f5ac8aac000 rw-p 00000000 00:00 0                          [stack:18363]
7f5ac8aac000-7f5ac8aaf000 ---p 00000000 00:00 0 
7f5ac8aaf000-7f5ac8bad000 rw-p 00000000 00:00 0                          [stack:18303]
7f5ac8bad000-7f5ac8bb0000 ---p 00000000 00:00 0 
7f5ac8bb0000-7f5ac8cae000 rw-p 00000000 00:00 0                          [stack:18302]
7f5ac8cae000-7f5ac8cb1000 ---p 00000000 00:00 0 
7f5ac8cb1000-7f5ac8daf000 rw-p 00000000 00:00 0                          [stack:18287]
7f5ac8daf000-7f5ac8db2000 ---p 00000000 00:00 0 
7f5ac8db2000-7f5ac8eb0000 rw-p 00000000 00:00 0                          [stack:18286]
7f5ac8eb0000-7f5ac8eb3000 ---p 00000000 00:00 0 
7f5ac8eb3000-7f5ac8fb1000 rw-p 00000000 00:00 0                          [stack:18274]
7f5ac8fb1000-7f5ac8fb4000 ---p 00000000 00:00 0 
7f5ac8fb4000-7f5ac90b2000 rw-p 00000000 00:00 0                          [stack:18273]
7f5ac90b2000-7f5ac90b5000 ---p 00000000 00:00 0 
7f5ac90b5000-7f5ac91b3000 rw-p 00000000 00:00 0                          [stack:18268]
7f5ac91b3000-7f5ac91b6000 ---p 00000000 00:00 0 
7f5ac91b6000-7f5ac92b4000 rw-p 00000000 00:00 0                          [stack:18266]
7f5ac92b4000-7f5ac92b7000 ---p 00000000 00:00 0 
7f5ac92b7000-7f5ac93b5000 rw-p 00000000 00:00 0                          [stack:18247]
7f5ac93b5000-7f5ac93b8000 ---p 00000000 00:00 0 
7f5ac93b8000-7f5ac94b6000 rw-p 00000000 00:00 0                          [stack:18236]
7f5ac94b6000-7f5ac94b9000 ---p 00000000 00:00 0 
7f5ac94b9000-7f5ac95b7000 rw-p 00000000 00:00 0                          [stack:18234]
7f5ac95b7000-7f5ac95ba000 ---p 00000000 00:00 0 
7f5ac95ba000-7f5ac96b8000 rw-p 00000000 00:00 0                          [stack:18233]
7f5ac96b8000-7f5ac96bb000 ---p 00000000 00:00 0 
7f5ac96bb000-7f5ac99a5000 rw-p 00000000 00:00 0                          [stack:18246]
7f5ac99a5000-7f5ac99b9000 ---p 00000000 00:00 0 
7f5ac99b9000-7f5ac99d0000 r-xp 00000000 08:08 1576881                    /lib/x86_64-linux-gnu/libresolv-2.19.so
7f5ac99d0000-7f5ac9bd0000 ---p 00017000 08:08 1576881                    /lib/x86_64-linux-gnu/libresolv-2.19.so
7f5ac9bd0000-7f5ac9bd1000 r--p 00017000 08:08 1576881                    /lib/x86_64-linux-gnu/libresolv-2.19.so
7f5ac9bd1000-7f5ac9bd2000 rw-p 00018000 08:08 1576881                    /lib/x86_64-linux-gnu/libresolv-2.19.so
7f5ac9bd2000-7f5ac9bd4000 rw-p 00000000 00:00 0 
7f5ac9bd4000-7f5ac9bd9000 r-xp 00000000 08:08 1576885                    /lib/x86_64-linux-gnu/libnss_dns-2.19.so
7f5ac9bd9000-7f5ac9dd8000 ---p 00005000 08:08 1576885                    /lib/x86_64-linux-gnu/libnss_dns-2.19.so
7f5ac9dd8000-7f5ac9dd9000 r--p 00004000 08:08 1576885                    /lib/x86_64-linux-gnu/libnss_dns-2.19.so
7f5ac9dd9000-7f5ac9dda000 rw-p 00005000 08:08 1576885                    /lib/x86_64-linux-gnu/libnss_dns-2.19.so
7f5ac9dda000-7f5ac9ddc000 r-xp 00000000 08:08 1577046                    /lib/x86_64-linux-gnu/libnss_mdns4_minimal.so.2
7f5ac9ddc000-7f5ac9fdb000 ---p 00002000 08:08 1577046                    /lib/x86_64-linux-gnu/libnss_mdns4_minimal.so.2
7f5ac9fdb000-7f5ac9fdc000 r--p 00001000 08:08 1577046                    /lib/x86_64-linux-gnu/libnss_mdns4_minimal.so.2
7f5ac9fdc000-7f5ac9fdd000 rw-p 00002000 08:08 1577046                    /lib/x86_64-linux-gnu/libnss_mdns4_minimal.so.2
7f5ac9fdd000-7f5ac9fe0000 ---p 00000000 00:00 0 
7f5ac9fe0000-7f5aca0de000 rw-p 00000000 00:00 0                          [stack:18178]
7f5aca0de000-7f5aca0e6000 r-xp 00000000 08:08 3291980                    /usr/lib/jvm/java-8-oracle/jre/lib/amd64/libmanagement.so
7f5aca0e6000-7f5aca2e6000 ---p 00008000 08:08 3291980                    /usr/lib/jvm/java-8-oracle/jre/lib/amd64/libmanagement.so
7f5aca2e6000-7f5aca2e7000 rw-p 00008000 08:08 3291980                    /usr/lib/jvm/java-8-oracle/jre/lib/amd64/libmanagement.so
7f5aca2e7000-7f5aca2ea000 ---p 00000000 00:00 0 
7f5aca2ea000-7f5aca3e8000 rw-p 00000000 00:00 0                          [stack:18176]
7f5aca3e8000-7f5aca3eb000 ---p 00000000 00:00 0 
7f5aca3eb000-7f5aca4e9000 rw-p 00000000 00:00 0                          [stack:18175]
7f5aca4e9000-7f5aca4ec000 ---p 00000000 00:00 0 
7f5aca4ec000-7f5aca5ea000 rw-p 00000000 00:00 0                          [stack:18174]
7f5aca5ea000-7f5aca5ed000 ---p 00000000 00:00 0 
7f5aca5ed000-7f5aca6eb000 rw-p 00000000 00:00 0 
7f5aca6eb000-7f5aca6ee000 ---p 00000000 00:00 0 
7f5aca6ee000-7f5aca7ec000 rw-p 00000000 00:00 0 
7f5aca7ec000-7f5aca7ef000 ---p 00000000 00:00 0 
7f5aca7ef000-7f5aca8ed000 rw-p 00000000 00:00 0                          [stack:18171]
7f5aca8ed000-7f5aca8f0000 ---p 00000000 00:00 0 
7f5aca8f0000-7f5aca9ee000 rw-p 00000000 00:00 0                          [stack:18170]
7f5aca9ee000-7f5aca9f1000 ---p 00000000 00:00 0 
7f5aca9f1000-7f5acaaef000 rw-p 00000000 00:00 0                          [stack:18169]
7f5acaaef000-7f5acaaf2000 ---p 00000000 00:00 0 
7f5acaaf2000-7f5acabf0000 rw-p 00000000 00:00 0                          [stack:18168]
7f5acabf0000-7f5acabf3000 ---p 00000000 00:00 0 
7f5acabf3000-7f5acacf1000 rw-p 00000000 00:00 0                          [stack:18167]
7f5acacf1000-7f5acacf4000 ---p 00000000 00:00 0 
7f5acacf4000-7f5acadf2000 rw-p 00000000 00:00 0                          [stack:18166]
7f5acadf2000-7f5acadf5000 ---p 00000000 00:00 0 
7f5acadf5000-7f5acaef3000 rw-p 00000000 00:00 0                          [stack:18165]
7f5acaef3000-7f5acaef6000 ---p 00000000 00:00 0 
7f5acaef6000-7f5acb1f4000 rw-p 00000000 00:00 0                          [stack:18164]
7f5acb1f4000-7f5acb3f4000 rw-p 00000000 00:00 0 
7f5acb3f4000-7f5acb3f7000 ---p 00000000 00:00 0 
7f5acb3f7000-7f5acb4f5000 rw-p 00000000 00:00 0                          [stack:18163]
7f5acb4f5000-7f5acb4f8000 ---p 00000000 00:00 0 
7f5acb4f8000-7f5acb5f6000 rw-p 00000000 00:00 0                          [stack:18162]
7f5acb5f6000-7f5acb5f9000 ---p 00000000 00:00 0 
7f5acb5f9000-7f5acb6f7000 rw-p 00000000 00:00 0                          [stack:18161]
7f5acb6f7000-7f5acb6fa000 ---p 00000000 00:00 0 
7f5acb6fa000-7f5acb7f8000 rw-p 00000000 00:00 0                          [stack:18160]
7f5acb7f8000-7f5acb7fb000 ---p 00000000 00:00 0 
7f5acb7fb000-7f5acb8f9000 rw-p 00000000 00:00 0                          [stack:18159]
7f5acb8f9000-7f5acb8fc000 ---p 00000000 00:00 0 
7f5acb8fc000-7f5acb9fa000 rw-p 00000000 00:00 0                          [stack:18158]
7f5acb9fa000-7f5acb9fd000 ---p 00000000 00:00 0 
7f5acb9fd000-7f5acbafb000 rw-p 00000000 00:00 0                          [stack:18157]
7f5acbafb000-7f5acbafe000 ---p 00000000 00:00 0 
7f5acbafe000-7f5acbbfc000 rw-p 00000000 00:00 0                          [stack:18156]
7f5acbbfc000-7f5acbbff000 ---p 00000000 00:00 0 
7f5acbbff000-7f5acbcfd000 rw-p 00000000 00:00 0                          [stack:18155]
7f5acbcfd000-7f5acbd00000 ---p 00000000 00:00 0 
7f5acbd00000-7f5acbdfe000 rw-p 00000000 00:00 0                          [stack:18154]
7f5acbdfe000-7f5acbe01000 ---p 00000000 00:00 0 
7f5acbe01000-7f5acbeff000 rw-p 00000000 00:00 0                          [stack:18153]
7f5acbeff000-7f5acbf02000 ---p 00000000 00:00 0 
7f5acbf02000-7f5acc000000 rw-p 00000000 00:00 0                          [stack:18152]
7f5acc000000-7f5acc021000 rw-p 00000000 00:00 0 
7f5acc021000-7f5ad0000000 ---p 00000000 00:00 0 
7f5ad0095000-7f5ad0098000 ---p 00000000 00:00 0 
7f5ad0098000-7f5ad0196000 rw-p 00000000 00:00 0                          [stack:18151]
7f5ad0196000-7f5ad0199000 ---p 00000000 00:00 0 
7f5ad0199000-7f5ad0297000 rw-p 00000000 00:00 0                          [stack:18150]
7f5ad0297000-7f5ad029a000 ---p 00000000 00:00 0 
7f5ad029a000-7f5ad0398000 rw-p 00000000 00:00 0                          [stack:18149]
7f5ad0398000-7f5ad039b000 ---p 00000000 00:00 0 
7f5ad039b000-7f5ad0699000 rw-p 00000000 00:00 0                          [stack:18148]
7f5ad0699000-7f5ad06aa000 r-xp 00000000 08:08 3291055                    /usr/lib/jvm/java-8-oracle/jre/lib/amd64/libnio.so
7f5ad06aa000-7f5ad08a9000 ---p 00011000 08:08 3291055                    /usr/lib/jvm/java-8-oracle/jre/lib/amd64/libnio.so
7f5ad08a9000-7f5ad08aa000 rw-p 00010000 08:08 3291055                    /usr/lib/jvm/java-8-oracle/jre/lib/amd64/libnio.so
7f5ad08aa000-7f5ad08c0000 r-xp 00000000 08:08 3291978                    /usr/lib/jvm/java-8-oracle/jre/lib/amd64/libnet.so
7f5ad08c0000-7f5ad0ac0000 ---p 00016000 08:08 3291978                    /usr/lib/jvm/java-8-oracle/jre/lib/amd64/libnet.so
7f5ad0ac0000-7f5ad0ac1000 rw-p 00016000 08:08 3291978                    /usr/lib/jvm/java-8-oracle/jre/lib/amd64/libnet.so
7f5ad0ac1000-7f5ad0cc1000 rw-p 00000000 00:00 0 
7f5ad0cc1000-7f5ad0cdd000 r--s 00393000 08:08 3154281                    /usr/lib/jvm/java-8-oracle/jre/lib/ext/cldrdata.jar
7f5ad0cdd000-7f5ad0d7f000 r--s 00697000 08:0a 2105455                    /home/prudi/Documents/workspace/pod-ITBA/target/tp-pod-jar-with-dependencies.jar
7f5ad0d7f000-7f5ad0d80000 ---p 00000000 00:00 0 
7f5ad0d80000-7f5ad0e80000 rw-p 00000000 00:00 0                          [stack:18147]
7f5ad0e80000-7f5ad0e83000 ---p 00000000 00:00 0 
7f5ad0e83000-7f5ad0f81000 rw-p 00000000 00:00 0                          [stack:18146]
7f5ad0f81000-7f5ad0f84000 ---p 00000000 00:00 0 
7f5ad0f84000-7f5ad1082000 rw-p 00000000 00:00 0                          [stack:18145]
7f5ad1082000-7f5ad1085000 ---p 00000000 00:00 0 
7f5ad1085000-7f5ad1183000 rw-p 00000000 00:00 0                          [stack:18144]
7f5ad1183000-7f5ad1186000 ---p 00000000 00:00 0 
7f5ad1186000-7f5ad1284000 rw-p 00000000 00:00 0                          [stack:18143]
7f5ad1284000-7f5ad1287000 ---p 00000000 00:00 0 
7f5ad1287000-7f5ad1385000 rw-p 00000000 00:00 0                          [stack:18142]
7f5ad1385000-7f5ad1a67000 r--p 00000000 08:08 2891070                    /usr/lib/locale/locale-archive
7f5ad1a67000-7f5ad1a6a000 ---p 00000000 00:00 0 
7f5ad1a6a000-7f5ad1b68000 rw-p 00000000 00:00 0                          [stack:18141]
7f5ad1b68000-7f5ad1b6b000 ---p 00000000 00:00 0 
7f5ad1b6b000-7f5ad1c69000 rw-p 00000000 00:00 0                          [stack:18140]
7f5ad1c69000-7f5ad1c6a000 ---p 00000000 00:00 0 
7f5ad1c6a000-7f5ad2d4c000 rw-p 00000000 00:00 0                          [stack:18139]
7f5ad2d4c000-7f5ad2f25000 r--s 03d20000 08:08 3154297                    /usr/lib/jvm/java-8-oracle/jre/lib/rt.jar
7f5ad2f25000-7f5ad787d000 rw-p 00000000 00:00 0 
7f5ad787d000-7f5ad787e000 ---p 00000000 00:00 0 
7f5ad787e000-7f5ad797e000 rw-p 00000000 00:00 0                          [stack:18138]
7f5ad797e000-7f5ad797f000 ---p 00000000 00:00 0 
7f5ad797f000-7f5ad7a7f000 rw-p 00000000 00:00 0                          [stack:18137]
7f5ad7a7f000-7f5ad7a80000 ---p 00000000 00:00 0 
7f5ad7a80000-7f5ad7baa000 rw-p 00000000 00:00 0                          [stack:18136]
7f5ad7baa000-7f5ad7e10000 ---p 00000000 00:00 0 
7f5ad7e10000-7f5ad7e3a000 rw-p 00000000 00:00 0 
7f5ad7e3a000-7f5ad80a0000 ---p 00000000 00:00 0 
7f5ad80a0000-7f5ad80c4000 rw-p 00000000 00:00 0 
7f5ad80c4000-7f5ad81e8000 ---p 00000000 00:00 0 
7f5ad81e8000-7f5ad81fd000 rw-p 00000000 00:00 0 
7f5ad81fd000-7f5ad85a9000 ---p 00000000 00:00 0 
7f5ad85a9000-7f5ad8a79000 rwxp 00000000 00:00 0 
7f5ad8a79000-7f5ae75a9000 ---p 00000000 00:00 0 
7f5ae75a9000-7f5ae75c3000 r-xp 00000000 08:08 3291981                    /usr/lib/jvm/java-8-oracle/jre/lib/amd64/libzip.so
7f5ae75c3000-7f5ae77c3000 ---p 0001a000 08:08 3291981                    /usr/lib/jvm/java-8-oracle/jre/lib/amd64/libzip.so
7f5ae77c3000-7f5ae77c4000 rw-p 0001a000 08:08 3291981                    /usr/lib/jvm/java-8-oracle/jre/lib/amd64/libzip.so
7f5ae77c4000-7f5ae77cf000 r-xp 00000000 08:08 1576883                    /lib/x86_64-linux-gnu/libnss_files-2.19.so
7f5ae77cf000-7f5ae79ce000 ---p 0000b000 08:08 1576883                    /lib/x86_64-linux-gnu/libnss_files-2.19.so
7f5ae79ce000-7f5ae79cf000 r--p 0000a000 08:08 1576883                    /lib/x86_64-linux-gnu/libnss_files-2.19.so
7f5ae79cf000-7f5ae79d0000 rw-p 0000b000 08:08 1576883                    /lib/x86_64-linux-gnu/libnss_files-2.19.so
7f5ae79d0000-7f5ae79db000 r-xp 00000000 08:08 1579491                    /lib/x86_64-linux-gnu/libnss_nis-2.19.so
7f5ae79db000-7f5ae7bda000 ---p 0000b000 08:08 1579491                    /lib/x86_64-linux-gnu/libnss_nis-2.19.so
7f5ae7bda000-7f5ae7bdb000 r--p 0000a000 08:08 1579491                    /lib/x86_64-linux-gnu/libnss_nis-2.19.so
7f5ae7bdb000-7f5ae7bdc000 rw-p 0000b000 08:08 1579491                    /lib/x86_64-linux-gnu/libnss_nis-2.19.so
7f5ae7bdc000-7f5ae7bf3000 r-xp 00000000 08:08 1576980                    /lib/x86_64-linux-gnu/libnsl-2.19.so
7f5ae7bf3000-7f5ae7df2000 ---p 00017000 08:08 1576980                    /lib/x86_64-linux-gnu/libnsl-2.19.so
7f5ae7df2000-7f5ae7df3000 r--p 00016000 08:08 1576980                    /lib/x86_64-linux-gnu/libnsl-2.19.so
7f5ae7df3000-7f5ae7df4000 rw-p 00017000 08:08 1576980                    /lib/x86_64-linux-gnu/libnsl-2.19.so
7f5ae7df4000-7f5ae7df6000 rw-p 00000000 00:00 0 
7f5ae7df6000-7f5ae7dff000 r-xp 00000000 08:08 1576977                    /lib/x86_64-linux-gnu/libnss_compat-2.19.so
7f5ae7dff000-7f5ae7ffe000 ---p 00009000 08:08 1576977                    /lib/x86_64-linux-gnu/libnss_compat-2.19.so
7f5ae7ffe000-7f5ae7fff000 r--p 00008000 08:08 1576977                    /lib/x86_64-linux-gnu/libnss_compat-2.19.so
7f5ae7fff000-7f5ae8000000 rw-p 00009000 08:08 1576977                    /lib/x86_64-linux-gnu/libnss_compat-2.19.so
7f5ae8000000-7f5ae8859000 rw-p 00000000 00:00 0 
7f5ae8859000-7f5aec000000 ---p 00000000 00:00 0 
7f5aec002000-7f5aec014000 r--s 00345000 08:08 3154282                    /usr/lib/jvm/java-8-oracle/jre/lib/resources.jar
7f5aec014000-7f5aec08a000 rw-p 00000000 00:00 0 
7f5aec08a000-7f5aec08b000 ---p 00000000 00:00 0 
7f5aec08b000-7f5aec18b000 rw-p 00000000 00:00 0                          [stack:18135]
7f5aec18b000-7f5aec1b5000 r-xp 00000000 08:08 3291091                    /usr/lib/jvm/java-8-oracle/jre/lib/amd64/libjava.so
7f5aec1b5000-7f5aec3b5000 ---p 0002a000 08:08 3291091                    /usr/lib/jvm/java-8-oracle/jre/lib/amd64/libjava.so
7f5aec3b5000-7f5aec3b7000 rw-p 0002a000 08:08 3291091                    /usr/lib/jvm/java-8-oracle/jre/lib/amd64/libjava.so
7f5aec3b7000-7f5aec3c4000 r-xp 00000000 08:08 3291065                    /usr/lib/jvm/java-8-oracle/jre/lib/amd64/libverify.so
7f5aec3c4000-7f5aec5c4000 ---p 0000d000 08:08 3291065                    /usr/lib/jvm/java-8-oracle/jre/lib/amd64/libverify.so
7f5aec5c4000-7f5aec5c6000 rw-p 0000d000 08:08 3291065                    /usr/lib/jvm/java-8-oracle/jre/lib/amd64/libverify.so
7f5aec5c6000-7f5aec5cd000 r-xp 00000000 08:08 1579488                    /lib/x86_64-linux-gnu/librt-2.19.so
7f5aec5cd000-7f5aec7cc000 ---p 00007000 08:08 1579488                    /lib/x86_64-linux-gnu/librt-2.19.so
7f5aec7cc000-7f5aec7cd000 r--p 00006000 08:08 1579488                    /lib/x86_64-linux-gnu/librt-2.19.so
7f5aec7cd000-7f5aec7ce000 rw-p 00007000 08:08 1579488                    /lib/x86_64-linux-gnu/librt-2.19.so
7f5aec7ce000-7f5aec8d3000 r-xp 00000000 08:08 1576882                    /lib/x86_64-linux-gnu/libm-2.19.so
7f5aec8d3000-7f5aecad2000 ---p 00105000 08:08 1576882                    /lib/x86_64-linux-gnu/libm-2.19.so
7f5aecad2000-7f5aecad3000 r--p 00104000 08:08 1576882                    /lib/x86_64-linux-gnu/libm-2.19.so
7f5aecad3000-7f5aecad4000 rw-p 00105000 08:08 1576882                    /lib/x86_64-linux-gnu/libm-2.19.so
7f5aecad4000-7f5aed792000 r-xp 00000000 08:08 3291974                    /usr/lib/jvm/java-8-oracle/jre/lib/amd64/server/libjvm.so
7f5aed792000-7f5aed991000 ---p 00cbe000 08:08 3291974                    /usr/lib/jvm/java-8-oracle/jre/lib/amd64/server/libjvm.so
7f5aed991000-7f5aeda6a000 rw-p 00cbd000 08:08 3291974                    /usr/lib/jvm/java-8-oracle/jre/lib/amd64/server/libjvm.so
7f5aeda6a000-7f5aedaae000 rw-p 00000000 00:00 0 
7f5aedaae000-7f5aedc69000 r-xp 00000000 08:08 1579485                    /lib/x86_64-linux-gnu/libc-2.19.so
7f5aedc69000-7f5aede68000 ---p 001bb000 08:08 1579485                    /lib/x86_64-linux-gnu/libc-2.19.so
7f5aede68000-7f5aede6c000 r--p 001ba000 08:08 1579485                    /lib/x86_64-linux-gnu/libc-2.19.so
7f5aede6c000-7f5aede6e000 rw-p 001be000 08:08 1579485                    /lib/x86_64-linux-gnu/libc-2.19.so
7f5aede6e000-7f5aede73000 rw-p 00000000 00:00 0 
7f5aede73000-7f5aede76000 r-xp 00000000 08:08 1576895                    /lib/x86_64-linux-gnu/libdl-2.19.so
7f5aede76000-7f5aee075000 ---p 00003000 08:08 1576895                    /lib/x86_64-linux-gnu/libdl-2.19.so
7f5aee075000-7f5aee076000 r--p 00002000 08:08 1576895                    /lib/x86_64-linux-gnu/libdl-2.19.so
7f5aee076000-7f5aee077000 rw-p 00003000 08:08 1576895                    /lib/x86_64-linux-gnu/libdl-2.19.so
7f5aee077000-7f5aee08c000 r-xp 00000000 08:08 3291084                    /usr/lib/jvm/java-8-oracle/jre/lib/amd64/jli/libjli.so
7f5aee08c000-7f5aee28c000 ---p 00015000 08:08 3291084                    /usr/lib/jvm/java-8-oracle/jre/lib/amd64/jli/libjli.so
7f5aee28c000-7f5aee28d000 rw-p 00015000 08:08 3291084                    /usr/lib/jvm/java-8-oracle/jre/lib/amd64/jli/libjli.so
7f5aee28d000-7f5aee2a6000 r-xp 00000000 08:08 1579486                    /lib/x86_64-linux-gnu/libpthread-2.19.so
7f5aee2a6000-7f5aee4a5000 ---p 00019000 08:08 1579486                    /lib/x86_64-linux-gnu/libpthread-2.19.so
7f5aee4a5000-7f5aee4a6000 r--p 00018000 08:08 1579486                    /lib/x86_64-linux-gnu/libpthread-2.19.so
7f5aee4a6000-7f5aee4a7000 rw-p 00019000 08:08 1579486                    /lib/x86_64-linux-gnu/libpthread-2.19.so
7f5aee4a7000-7f5aee4ab000 rw-p 00000000 00:00 0 
7f5aee4ab000-7f5aee4ce000 r-xp 00000000 08:08 1576994                    /lib/x86_64-linux-gnu/ld-2.19.so
7f5aee4d9000-7f5aee4da000 rw-p 00000000 00:00 0 
7f5aee4da000-7f5aee4df000 r--s 00096000 08:08 3154262                    /usr/lib/jvm/java-8-oracle/jre/lib/jsse.jar
7f5aee4df000-7f5aee5aa000 rw-p 00000000 00:00 0 
7f5aee5aa000-7f5aee5ad000 ---p 00000000 00:00 0 
7f5aee5ad000-7f5aee6b0000 rw-p 00000000 00:00 0                          [stack:18134]
7f5aee6b0000-7f5aee6b1000 rw-p 00000000 00:00 0 
7f5aee6b1000-7f5aee6b7000 r--s 002f8000 08:08 3154288                    /usr/lib/jvm/java-8-oracle/jre/lib/charsets.jar
7f5aee6b7000-7f5aee6c1000 r--s 00116000 08:08 3154279                    /usr/lib/jvm/java-8-oracle/jre/lib/ext/localedata.jar
7f5aee6c1000-7f5aee6c9000 rw-s 00000000 08:08 4198595                    /tmp/hsperfdata_prudi/18133
7f5aee6c9000-7f5aee6ca000 rw-p 00000000 00:00 0 
7f5aee6ca000-7f5aee6cb000 r--p 00000000 00:00 0 
7f5aee6cb000-7f5aee6cd000 rw-p 00000000 00:00 0 
7f5aee6cd000-7f5aee6ce000 r--p 00022000 08:08 1576994                    /lib/x86_64-linux-gnu/ld-2.19.so
7f5aee6ce000-7f5aee6cf000 rw-p 00023000 08:08 1576994                    /lib/x86_64-linux-gnu/ld-2.19.so
7f5aee6cf000-7f5aee6d0000 rw-p 00000000 00:00 0 
7ffe3c30b000-7ffe3c32c000 rw-p 00000000 00:00 0                          [stack]
7ffe3c370000-7ffe3c372000 r-xp 00000000 00:00 0                          [vdso]
7ffe3c372000-7ffe3c374000 r--p 00000000 00:00 0                          [vvar]
ffffffffff600000-ffffffffff601000 r-xp 00000000 00:00 0                  [vsyscall]

VM Arguments:
java_command: com.hazelcast.console.ConsoleApp
java_class_path (initial): /home/prudi/Documents/workspace/pod-ITBA/target/tp-pod-jar-with-dependencies.jar
Launcher Type: SUN_STANDARD

Environment Variables:
JAVA_HOME=/usr/lib/jvm/java-8-oracle
CLASSPATH=/home/prudi/Documents/workspace/pod-ITBA/target/tp-pod-jar-with-dependencies.jar
PATH=/usr/local/heroku/bin:/home/prudi/.rbenv/shims:/home/prudi/.rbenv/bin:/usr/local/sbin:/usr/local/bin:/usr/sbin:/usr/bin:/sbin:/bin:/usr/games:/usr/local/games:/usr/lib/jvm/java-8-oracle/bin:/usr/lib/jvm/java-8-oracle/db/bin:/usr/lib/jvm/java-8-oracle/jre/bin
SHELL=/bin/bash
DISPLAY=:0

Signal Handlers:
SIGSEGV: [libjvm.so+0xaba2a0], sa_mask[0]=11111111011111111101111111111110, sa_flags=SA_RESTART|SA_SIGINFO
SIGBUS: [libjvm.so+0xaba2a0], sa_mask[0]=11111111011111111101111111111110, sa_flags=SA_RESTART|SA_SIGINFO
SIGFPE: [libjvm.so+0x917710], sa_mask[0]=11111111011111111101111111111110, sa_flags=SA_RESTART|SA_SIGINFO
SIGPIPE: [libjvm.so+0x917710], sa_mask[0]=11111111011111111101111111111110, sa_flags=SA_RESTART|SA_SIGINFO
SIGXFSZ: [libjvm.so+0x917710], sa_mask[0]=11111111011111111101111111111110, sa_flags=SA_RESTART|SA_SIGINFO
SIGILL: [libjvm.so+0x917710], sa_mask[0]=11111111011111111101111111111110, sa_flags=SA_RESTART|SA_SIGINFO
SIGUSR1: SIG_DFL, sa_mask[0]=00000000000000000000000000000000, sa_flags=none
SIGUSR2: [libjvm.so+0x918d40], sa_mask[0]=00000000000000000000000000000000, sa_flags=SA_RESTART|SA_SIGINFO
SIGHUP: [libjvm.so+0x91a140], sa_mask[0]=11111111011111111101111111111110, sa_flags=SA_RESTART|SA_SIGINFO
SIGINT: [libjvm.so+0x91a140], sa_mask[0]=11111111011111111101111111111110, sa_flags=SA_RESTART|SA_SIGINFO
SIGTERM: [libjvm.so+0x91a140], sa_mask[0]=11111111011111111101111111111110, sa_flags=SA_RESTART|SA_SIGINFO
SIGQUIT: [libjvm.so+0x91a140], sa_mask[0]=11111111011111111101111111111110, sa_flags=SA_RESTART|SA_SIGINFO


---------------  S Y S T E M  ---------------

OS:DISTRIB_ID=Ubuntu
DISTRIB_RELEASE=14.04
DISTRIB_CODENAME=trusty
DISTRIB_DESCRIPTION="Ubuntu 14.04.3 LTS"

uname:Linux 3.16.0-51-generic #69~14.04.1-Ubuntu SMP Wed Oct 7 15:32:41 UTC 2015 x86_64
libc:glibc 2.19 NPTL 2.19 
rlimit: STACK 8192k, CORE 0k, NPROC 31383, NOFILE 4096, AS infinity
load average:0.16 0.25 0.35

/proc/meminfo:
MemTotal:        8055544 kB
MemFree:         2165656 kB
MemAvailable:    4085168 kB
Buffers:          374748 kB
Cached:          2010348 kB
SwapCached:        30024 kB
Active:          4261644 kB
Inactive:        1187116 kB
Active(anon):    3160452 kB
Inactive(anon):   352220 kB
Active(file):    1101192 kB
Inactive(file):   834896 kB
Unevictable:         336 kB
Mlocked:             336 kB
SwapTotal:       8000508 kB
SwapFree:        7925344 kB
Dirty:              6072 kB
Writeback:             0 kB
AnonPages:       3033960 kB
Mapped:           581420 kB
Shmem:            449028 kB
Slab:             278332 kB
SReclaimable:     236828 kB
SUnreclaim:        41504 kB
KernelStack:       12576 kB
PageTables:        54528 kB
NFS_Unstable:          0 kB
Bounce:                0 kB
WritebackTmp:          0 kB
CommitLimit:    12028280 kB
Committed_AS:    9196996 kB
VmallocTotal:   34359738367 kB
VmallocUsed:      358488 kB
VmallocChunk:   34359296816 kB
HardwareCorrupted:     0 kB
AnonHugePages:   1458176 kB
HugePages_Total:       0
HugePages_Free:        0
HugePages_Rsvd:        0
HugePages_Surp:        0
Hugepagesize:       2048 kB
DirectMap4k:      114968 kB
DirectMap2M:     8153088 kB


CPU:total 4 (2 cores per cpu, 2 threads per core) family 6 model 58 stepping 9, cmov, cx8, fxsr, mmx, sse, sse2, sse3, ssse3, sse4.1, sse4.2, popcnt, avx, aes, clmul, erms, ht, tsc, tscinvbit, tscinv

/proc/cpuinfo:
processor	: 0
vendor_id	: GenuineIntel
cpu family	: 6
model		: 58
model name	: Intel(R) Core(TM) i5-3337U CPU @ 1.80GHz
stepping	: 9
microcode	: 0x15
cpu MHz		: 2499.960
cache size	: 3072 KB
physical id	: 0
siblings	: 4
core id		: 0
cpu cores	: 2
apicid		: 0
initial apicid	: 0
fpu		: yes
fpu_exception	: yes
cpuid level	: 13
wp		: yes
flags		: fpu vme de pse tsc msr pae mce cx8 apic sep mtrr pge mca cmov pat pse36 clflush dts acpi mmx fxsr sse sse2 ss ht tm pbe syscall nx rdtscp lm constant_tsc arch_perfmon pebs bts rep_good nopl xtopology nonstop_tsc aperfmperf eagerfpu pni pclmulqdq dtes64 monitor ds_cpl vmx est tm2 ssse3 cx16 xtpr pdcm pcid sse4_1 sse4_2 x2apic popcnt tsc_deadline_timer aes xsave avx f16c rdrand lahf_lm ida arat epb xsaveopt pln pts dtherm tpr_shadow vnmi flexpriority ept vpid fsgsbase smep erms
bogomips	: 3591.87
clflush size	: 64
cache_alignment	: 64
address sizes	: 36 bits physical, 48 bits virtual
power management:

processor	: 1
vendor_id	: GenuineIntel
cpu family	: 6
model		: 58
model name	: Intel(R) Core(TM) i5-3337U CPU @ 1.80GHz
stepping	: 9
microcode	: 0x15
cpu MHz		: 2500.031
cache size	: 3072 KB
physical id	: 0
siblings	: 4
core id		: 0
cpu cores	: 2
apicid		: 1
initial apicid	: 1
fpu		: yes
fpu_exception	: yes
cpuid level	: 13
wp		: yes
flags		: fpu vme de pse tsc msr pae mce cx8 apic sep mtrr pge mca cmov pat pse36 clflush dts acpi mmx fxsr sse sse2 ss ht tm pbe syscall nx rdtscp lm constant_tsc arch_perfmon pebs bts rep_good nopl xtopology nonstop_tsc aperfmperf eagerfpu pni pclmulqdq dtes64 monitor ds_cpl vmx est tm2 ssse3 cx16 xtpr pdcm pcid sse4_1 sse4_2 x2apic popcnt tsc_deadline_timer aes xsave avx f16c rdrand lahf_lm ida arat epb xsaveopt pln pts dtherm tpr_shadow vnmi flexpriority ept vpid fsgsbase smep erms
bogomips	: 3591.87
clflush size	: 64
cache_alignment	: 64
address sizes	: 36 bits physical, 48 bits virtual
power management:

processor	: 2
vendor_id	: GenuineIntel
cpu family	: 6
model		: 58
model name	: Intel(R) Core(TM) i5-3337U CPU @ 1.80GHz
stepping	: 9
microcode	: 0x15
cpu MHz		: 2500.031
cache size	: 3072 KB
physical id	: 0
siblings	: 4
core id		: 1
cpu cores	: 2
apicid		: 2
initial apicid	: 2
fpu		: yes
fpu_exception	: yes
cpuid level	: 13
wp		: yes
flags		: fpu vme de pse tsc msr pae mce cx8 apic sep mtrr pge mca cmov pat pse36 clflush dts acpi mmx fxsr sse sse2 ss ht tm pbe syscall nx rdtscp lm constant_tsc arch_perfmon pebs bts rep_good nopl xtopology nonstop_tsc aperfmperf eagerfpu pni pclmulqdq dtes64 monitor ds_cpl vmx est tm2 ssse3 cx16 xtpr pdcm pcid sse4_1 sse4_2 x2apic popcnt tsc_deadline_timer aes xsave avx f16c rdrand lahf_lm ida arat epb xsaveopt pln pts dtherm tpr_shadow vnmi flexpriority ept vpid fsgsbase smep erms
bogomips	: 3591.87
clflush size	: 64
cache_alignment	: 64
address sizes	: 36 bits physical, 48 bits virtual
power management:

processor	: 3
vendor_id	: GenuineIntel
cpu family	: 6
model		: 58
model name	: Intel(R) Core(TM) i5-3337U CPU @ 1.80GHz
stepping	: 9
microcode	: 0x15
cpu MHz		: 2500.031
cache size	: 3072 KB
physical id	: 0
siblings	: 4
core id		: 1
cpu cores	: 2
apicid		: 3
initial apicid	: 3
fpu		: yes
fpu_exception	: yes
cpuid level	: 13
wp		: yes
flags		: fpu vme de pse tsc msr pae mce cx8 apic sep mtrr pge mca cmov pat pse36 clflush dts acpi mmx fxsr sse sse2 ss ht tm pbe syscall nx rdtscp lm constant_tsc arch_perfmon pebs bts rep_good nopl xtopology nonstop_tsc aperfmperf eagerfpu pni pclmulqdq dtes64 monitor ds_cpl vmx est tm2 ssse3 cx16 xtpr pdcm pcid sse4_1 sse4_2 x2apic popcnt tsc_deadline_timer aes xsave avx f16c rdrand lahf_lm ida arat epb xsaveopt pln pts dtherm tpr_shadow vnmi flexpriority ept vpid fsgsbase smep erms
bogomips	: 3591.87
clflush size	: 64
cache_alignment	: 64
address sizes	: 36 bits physical, 48 bits virtual
power management:



Memory: 4k page, physical 8055544k(2165656k free), swap 8000508k(7925344k free)

vm_info: Java HotSpot(TM) 64-Bit Server VM (25.66-b17) for linux-amd64 JRE (1.8.0_66-b17), built on Oct  6 2015 17:28:34 by "java_re" with gcc 4.3.0 20080428 (Red Hat 4.3.0-8)

time: Sun Nov 15 17:45:15 2015
elapsed time: 71 seconds (0d 0h 1m 11s)

